
Showing logs for build [32mcb-kubecd-bdd-nh-1573727549-pr-1[0m stage [32mfrom-build-pack[0m and container [32mstep-credential-initializer-dsm5v[0m
{"level":"warn","ts":1573729520.5775685,"logger":"fallback-logger","caller":"logging/config.go:69","msg":"Fetch GitHub commit ID from kodata failed: \"ref: refs/heads/master\" is not a valid GitHub commit ID"}
{"level":"info","ts":1573729520.578149,"logger":"fallback-logger","caller":"creds-init/main.go:40","msg":"Credentials initialized."}

Showing logs for build [32mcb-kubecd-bdd-nh-1573727549-pr-1[0m stage [32mfrom-build-pack[0m and container [32mstep-working-dir-initializer-ndr47[0m
{"level":"warn","ts":1573729521.9934607,"logger":"fallback-logger","caller":"logging/config.go:69","msg":"Fetch GitHub commit ID from kodata failed: open /var/run/ko/HEAD: no such file or directory"}
{"level":"info","ts":1573729521.9968314,"logger":"fallback-logger","caller":"bash/main.go:65","msg":"Successfully executed command \"mkdir -p /workspace/source\""}

Showing logs for build [32mcb-kubecd-bdd-nh-1573727549-pr-1[0m stage [32mfrom-build-pack[0m and container [32mstep-place-tools[0m

Showing logs for build [32mcb-kubecd-bdd-nh-1573727549-pr-1[0m stage [32mfrom-build-pack[0m and container [32mstep-git-source-cb-kubecd-bdd-nh-1573727549-pr-pjjh6[0m
{"level":"warn","ts":1573729529.3926249,"logger":"fallback-logger","caller":"logging/config.go:69","msg":"Fetch GitHub commit ID from kodata failed: \"ref: refs/heads/master\" is not a valid GitHub commit ID"}
{"level":"info","ts":1573729530.50092,"logger":"fallback-logger","caller":"git/git.go:102","msg":"Successfully cloned https://github.com/cb-kubecd/bdd-nh-1573727549.git @ master in path /workspace/source"}

Showing logs for build [32mcb-kubecd-bdd-nh-1573727549-pr-1[0m stage [32mfrom-build-pack[0m and container [32mstep-git-merge[0m
Using SHAs from PULL_REFS=master:48ea50a63ba9d86ca4fc96ffe29e6379f6e47c67,1:23b055094e73b1f9585ffd9eca48b6ec936e04f4
DEBUG: ran git fetch --unshallow origin 23b055094e73b1f9585ffd9eca48b6ec936e04f4: 48ea50a63ba9d86ca4fc96ffe29e6379f6e47c67: in 
DEBUG: ran git checkout master in 
DEBUG: ran git reset --hard 48ea50a63ba9d86ca4fc96ffe29e6379f6e47c67 in 
DEBUG: ran clean --force -d . in 
DEBUG: ran git merge 23b055094e73b1f9585ffd9eca48b6ec936e04f4 in 
Merged SHA 23b055094e73b1f9585ffd9eca48b6ec936e04f4 with commit message 'My first PR commit' into base branch master

Showing logs for build [32mcb-kubecd-bdd-nh-1573727549-pr-1[0m stage [32mfrom-build-pack[0m and container [32mstep-build-npmrc[0m
WARNING: failed to find Secret npm-token in namespace **

Showing logs for build [32mcb-kubecd-bdd-nh-1573727549-pr-1[0m stage [32mfrom-build-pack[0m and container [32mstep-build-npm-install[0m
npm notice created a lockfile as package-lock.json. You should commit this file.
npm WARN REPLACE_ME@1.0.0 No repository field.
npm WARN REPLACE_ME@1.0.0 No license field.

up to date in 0.481s
found 0 vulnerabilities


Showing logs for build [32mcb-kubecd-bdd-nh-1573727549-pr-1[0m stage [32mfrom-build-pack[0m and container [32mstep-build-npm-test[0m

> REPLACE_ME@1.0.0 test /workspace/source
> echo "no test specified" && exit 0

no test specified

Showing logs for build [32mcb-kubecd-bdd-nh-1573727549-pr-1[0m stage [32mfrom-build-pack[0m and container [32mstep-build-container-build[0m
[36mINFO[0m[0000] Downloading base image node:9-slim           
ERROR: logging before flag.Parse: E1114 11:05:36.189964      10 metadata.go:142] while reading 'google-dockercfg' metadata: http status code: 404 while fetching url http://metadata.google.internal./computeMetadata/v1/instance/attributes/google-dockercfg
ERROR: logging before flag.Parse: E1114 11:05:36.205789      10 metadata.go:159] while reading 'google-dockercfg-url' metadata: http status code: 404 while fetching url http://metadata.google.internal./computeMetadata/v1/instance/attributes/google-dockercfg-url
2019/11/14 11:05:36 No matching credentials were found, falling back on anonymous
[36mINFO[0m[0001] Error while retrieving image from cache: getting file info: stat /workspace/sha256:0e0175bbe4f8d9d104590d8d2c591017874e30977cb71aaff1cf6fa99479575c: no such file or directory 
[36mINFO[0m[0001] Downloading base image node:9-slim           
2019/11/14 11:05:37 No matching credentials were found, falling back on anonymous
[36mINFO[0m[0002] Executing 0 build triggers                   
[36mINFO[0m[0002] cmd: EXPOSE                                  
[36mINFO[0m[0002] Adding exposed port: 8080/tcp                
[36mINFO[0m[0002] Using files from context: [/workspace/source] 
[36mINFO[0m[0002] Skipping unpacking as no commands require it. 
[36mINFO[0m[0002] Taking snapshot of full filesystem...        
[36mINFO[0m[0002] ENV PORT 8080                                
[36mINFO[0m[0002] No files changed in this command, skipping snapshotting. 
[36mINFO[0m[0002] EXPOSE 8080                                  
[36mINFO[0m[0002] cmd: EXPOSE                                  
[36mINFO[0m[0002] Adding exposed port: 8080/tcp                
[36mINFO[0m[0002] No files changed in this command, skipping snapshotting. 
[36mINFO[0m[0002] WORKDIR /usr/src/app                         
[36mINFO[0m[0002] cmd: workdir                                 
[36mINFO[0m[0002] Changed working directory to /usr/src/app    
[36mINFO[0m[0002] Creating directory /usr/src/app              
[36mINFO[0m[0002] Taking snapshot of files...                  
[36mINFO[0m[0002] Using files from context: [/workspace/source] 
[36mINFO[0m[0002] COPY . .                                     
[36mINFO[0m[0002] Taking snapshot of files...                  
[36mINFO[0m[0002] CMD ["npm", "start"]                         
[36mINFO[0m[0002] No files changed in this command, skipping snapshotting. 
2019/11/14 11:05:38 existing blob: sha256:e01bd28a434b56ffd2a3fe9aa99b9b69aecca69904843edd30b1ee7150d79904
2019/11/14 11:05:38 existing blob: sha256:196b8e3c919d5639193ba6c6e54774528942041bbc37606631a2250502985c3c
2019/11/14 11:05:38 existing blob: sha256:7d083412657baa2dafba8d093034ef26f9ed2c90fb6ed95f76bb55aff03ed429
2019/11/14 11:05:38 existing blob: sha256:a88538b9cd05cfa611e43a25582a95ad7879f6fa708b0386a26b71ee62235bb3
2019/11/14 11:05:38 existing blob: sha256:5bba3ecb4cd6374a19da45f2a3db0a9c0804984358b3bb4b666c28944016e5ff
2019/11/14 11:05:41 pushed blob: sha256:86b25217a337cd04c61369c6173fffaf384f7ad6b9008e4f9bf332bd8346bca7
2019/11/14 11:05:41 pushed blob: sha256:967481b14202018b633d84158072563ec07f7ec0d5b5d48f5fa459af63ead5f9
2019/11/14 11:05:42 pushed blob: sha256:b414deec77143d6b8b572c3218ea6d47479f416742aaa2105373b5b6705a669b
2019/11/14 11:05:43 gcr.io/jenkins-x-bdd3/bdd-nh-1573727549:0.0.0-SNAPSHOT-PR-1-1: digest: sha256:21225bc32d304df98d7557a25b181bf0b7f9b68a53773af7f8c1a3622bd2598b size: 1404

Showing logs for build [32mcb-kubecd-bdd-nh-1573727549-pr-1[0m stage [32mfrom-build-pack[0m and container [32mstep-postbuild-post-build[0m
no CVE provider running in the current ** namespace so skip adding image to be analysed

Showing logs for build [32mcb-kubecd-bdd-nh-1573727549-pr-1[0m stage [32mfrom-build-pack[0m and container [32mstep-promote-make-preview[0m
sed -i -e "s/version:.*/version: 0.0.0-SNAPSHOT-PR-1-1/" Chart.yaml
sed -i -e "s/version:.*/version: 0.0.0-SNAPSHOT-PR-1-1/" ../*/Chart.yaml
sed -i -e "s|repository:.*|repository: gcr.io\/jenkins-x-bdd3\/bdd-nh-1573727549|" values.yaml
sed -i -e "s/tag:.*/tag: 0.0.0-SNAPSHOT-PR-1-1/" values.yaml
echo "  version: 0.0.0-SNAPSHOT-PR-1-1" >> requirements.yaml
** step helm build
WARNING: No $CHART_REPOSITORY defined so using the default value of: http://jenkins-x-chartmuseum:8080
Adding missing Helm repo: storage.googleapis.com https://storage.googleapis.com/chartmuseum.jenkins-x.io
Read credentials for https://storage.googleapis.com/chartmuseum.jenkins-x.io from vault helm/repos
Successfully added Helm repository storage.googleapis.com.
Adding missing Helm repo: jenkins-x-chartmuseum http://jenkins-x-chartmuseum:8080
Read credentials for http://jenkins-x-chartmuseum:8080 from vault helm/repos
Successfully added Helm repository jenkins-x-chartmuseum.
WARNING: No $CHART_REPOSITORY defined so using the default value of: http://jenkins-x-chartmuseum:8080
Adding missing Helm repo: chartmuseum.jenkins-x.io http://chartmuseum.jenkins-x.io
Read credentials for http://chartmuseum.jenkins-x.io from vault helm/repos
Successfully added Helm repository chartmuseum.jenkins-x.io.

Showing logs for build [32mcb-kubecd-bdd-nh-1573727549-pr-1[0m stage [32mfrom-build-pack[0m and container [32mstep-promote-jx-preview[0m
Creating a preview
Created environment cb-kubecd-bdd-nh-1573727549-pr-1
Namespace **-cb-kubecd-bdd-nh-1573727549-pr-1 created 
expose:
  Annotations:
    helm.sh/hook: post-install,post-upgrade
    helm.sh/hook-delete-policy: hook-succeeded
  config:
    domain: 35.241.200.69.nip.io
    exposer: Ingress
    http: "true"
preview:
  image:
    repository: gcr.io/jenkins-x-bdd3/bdd-nh-1573727549
    tag: 0.0.0-SNAPSHOT-PR-1-1


Updating PipelineActivities cb-kubecd-bdd-nh-1573727549-pr-1-1 which has status Running
WARNING: preview application http://bdd-nh-1573727549.**-cb-kubecd-bdd-nh-1573727549-pr-1.35.241.200.69.nip.io not available, error was 503 503 Service Temporarily Unavailable, delaying for: 1.426986804s
WARNING: preview application http://bdd-nh-1573727549.**-cb-kubecd-bdd-nh-1573727549-pr-1.35.241.200.69.nip.io not available, error was 503 503 Service Temporarily Unavailable, delaying for: 1.786258247s
WARNING: preview application http://bdd-nh-1573727549.**-cb-kubecd-bdd-nh-1573727549-pr-1.35.241.200.69.nip.io not available, error was 503 503 Service Temporarily Unavailable, delaying for: 2.586351286s
Preview application is now available at: http://bdd-nh-1573727549.**-cb-kubecd-bdd-nh-1573727549-pr-1.35.241.200.69.nip.io
